<?xml version="1.0" encoding="UTF-8"?>
<testsuite name="com.cabolabs.security.SessionManagerSpec" tests="2" skipped="0" failures="0" errors="0" timestamp="2019-02-16T18:51:49" hostname="torri" time="4.659">
  <properties/>
  <testcase name="basic authentication" classname="com.cabolabs.security.SessionManagerSpec" time="2.355"/>
  <testcase name="session creation" classname="com.cabolabs.security.SessionManagerSpec" time="2.302"/>
  <system-out><![CDATA[add
add jsessid 6
add
add jsessid 7
add
add jsessid 8
]]></system-out>
  <system-err><![CDATA[]]></system-err>
</testsuite>
